ECHoesEngine PRO HTTP server bootstrap
HTTP API listening on http://127.0.0.1:8080
Endpoints: POST /generate, GET /status/{job_id}, GET /video/{job_id}, GET /log/{job_id}
[2026-03-18T17:17:58Z][INFO] job start: render_log=C:\Users\Administrator\OneDrive\Documents\EchoesEngine_complete\EchoesEngine\jobs\job-1\render.log
[2026-03-18T17:17:58Z][INFO] audio loading: source=C:\Users\Administrator\OneDrive\Documents\EchoesEngine_complete\EchoesEngine\jobs\job-1\audio.wav
[2026-03-18T17:17:58Z][INFO] audio loading ready: source=C:\Users\Administrator\OneDrive\Documents\EchoesEngine_complete\EchoesEngine\jobs\job-1\audio.wav, analysis=C:\Users\Administrator\OneDrive\Documents\EchoesEngine_complete\EchoesEngine\jobs\job-1\audio.wav
[2026-03-18T17:17:58Z][INFO] audio loading complete: samples=96000, sample_rate=48000
[2026-03-18T17:17:58Z][INFO] audio analysis complete: bass=0.999998, mid=0.000002, treble=0.000000, energy=0.088371, beat=false, tempo=96.000000
[2026-03-18T17:17:58Z][INFO] audio timeline complete: duration=2.000000s, total_frames=60, fps=30
[2026-03-18T17:17:58Z][INFO] scene generation start: scene_id=cosmic_blackhole
[2026-03-18T17:17:58Z][INFO] scene generation complete: scene_name=cosmic_blackhole
[2026-03-18T17:17:58Z][INFO] renderer start: backend=Vulkan
[2026-03-18T17:17:58Z][INFO] renderer start complete
[2026-03-18T17:17:58Z][INFO] scene render bootstrap complete
[2026-03-18T17:17:58Z][INFO] frame generation start: prompt="Stress test job 1 / cosmic control", style=Cosmic Wash
[2026-03-18T17:17:58Z][INFO] frame generation complete: ai job ready
[2026-03-18T17:17:58Z][INFO] frame export start: exporting scene-driven frames to C:\Users\Administrator\OneDrive\Documents\EchoesEngine_complete\EchoesEngine\renders\job-1
[2026-03-18T17:17:58Z][INFO] frame rendering: index=0/60
[2026-03-18T17:17:58Z][INFO] job start: render_log=C:\Users\Administrator\OneDrive\Documents\EchoesEngine_complete\EchoesEngine\jobs\job-3\render.log
[2026-03-18T17:17:58Z][INFO] audio loading: source=C:\Users\Administrator\OneDrive\Documents\EchoesEngine_complete\EchoesEngine\jobs\job-3\audio.wav
[2026-03-18T17:17:58Z][INFO] audio loading ready: source=C:\Users\Administrator\OneDrive\Documents\EchoesEngine_complete\EchoesEngine\jobs\job-3\audio.wav, analysis=C:\Users\Administrator\OneDrive\Documents\EchoesEngine_complete\EchoesEngine\jobs\job-3\audio.wav
[2026-03-18T17:17:58Z][INFO] audio loading complete: samples=96000, sample_rate=48000
[2026-03-18T17:17:58Z][INFO] job start: render_log=C:\Users\Administrator\OneDrive\Documents\EchoesEngine_complete\EchoesEngine\jobs\job-2\render.log
[2026-03-18T17:17:58Z][INFO] audio loading: source=C:\Users\Administrator\OneDrive\Documents\EchoesEngine_complete\EchoesEngine\jobs\job-2\audio.wav
[2026-03-18T17:17:58Z][INFO] audio loading ready: source=C:\Users\Administrator\OneDrive\Documents\EchoesEngine_complete\EchoesEngine\jobs\job-2\audio.wav, analysis=C:\Users\Administrator\OneDrive\Documents\EchoesEngine_complete\EchoesEngine\jobs\job-2\audio.wav
[2026-03-18T17:17:58Z][INFO] audio loading complete: samples=96000, sample_rate=48000
[2026-03-18T17:17:58Z][INFO] audio analysis complete: bass=0.999998, mid=0.000002, treble=0.000000, energy=0.088371, beat=false, tempo=96.000000
[2026-03-18T17:17:58Z][INFO] audio timeline complete: duration=2.000000s, total_frames=60, fps=30
[2026-03-18T17:17:58Z][INFO] scene generation start: scene_id=nebula_space
[2026-03-18T17:17:58Z][INFO] scene generation complete: scene_name=nebula_space
[2026-03-18T17:17:58Z][INFO] renderer start: backend=Vulkan
[2026-03-18T17:17:58Z][INFO] renderer start complete
[2026-03-18T17:17:58Z][INFO] scene render bootstrap complete
[2026-03-18T17:17:58Z][INFO] frame generation start: prompt="Stress test job 3 / nebula drift", style=Nebula Bloom
[2026-03-18T17:17:58Z][INFO] audio analysis complete: bass=0.999998, mid=0.000002, treble=0.000000, energy=0.088371, beat=false, tempo=96.000000
[2026-03-18T17:17:58Z][INFO] audio timeline complete: duration=2.000000s, total_frames=60, fps=30
[2026-03-18T17:17:58Z][INFO] scene generation start: scene_id=industrial_hellscape
[2026-03-18T17:17:58Z][INFO] scene generation complete: scene_name=industrial_hellscape
[2026-03-18T17:17:58Z][INFO] renderer start: backend=Vulkan
[2026-03-18T17:17:58Z][INFO] renderer start complete
[2026-03-18T17:17:58Z][INFO] scene render bootstrap complete
[2026-03-18T17:17:58Z][INFO] frame generation start: prompt="Stress test job 2 / industrial pressure", style=Industrial Grind
[2026-03-18T17:17:58Z][INFO] frame generation complete: ai job ready
[2026-03-18T17:17:58Z][INFO] frame export start: exporting scene-driven frames to C:\Users\Administrator\OneDrive\Documents\EchoesEngine_complete\EchoesEngine\renders\job-3
[2026-03-18T17:17:58Z][INFO] frame generation complete: ai job ready
[2026-03-18T17:17:58Z][INFO] frame export start: exporting scene-driven frames to C:\Users\Administrator\OneDrive\Documents\EchoesEngine_complete\EchoesEngine\renders\job-2
[2026-03-18T17:17:58Z][INFO] frame rendering: index=0/60
[2026-03-18T17:17:58Z][INFO] frame rendering: index=0/60
[RenderPipeline] Executing pass Scene:cosmic_blackhole -> 1280x720 drawCalls=6 shaders=(Compiled cosmic_blackhole_vertex (VS) [cosmic_blackhole] [GEOMETRY_3], Compiled cosmic_blackhole_fragment (PS) [cosmic_blackhole] [EMITTERS_2])
[RenderPipeline] Executing pass Scene:industrial_hellscape -> 1280x720 drawCalls=6 shaders=(Compiled industrial_hellscape_vertex (VS) [industrial_hellscape] [GEOMETRY_3], Compiled industrial_hellscape_fragment (PS) [industrial_hellscape] [EMITTERS_2])
[RenderPipeline] Executing pass Scene:nebula_space -> 1280x720 drawCalls=6 shaders=(Compiled nebula_space_vertex (VS) [nebula_space] [GEOMETRY_3], Compiled nebula_space_fragment (PS) [nebula_space] [EMITTERS_2])
[2026-03-18T17:18:08Z][INFO] frame rendering: index=10/60
[2026-03-18T17:18:09Z][INFO] frame rendering: index=10/60
[2026-03-18T17:18:12Z][INFO] frame rendering: index=10/60
[2026-03-18T17:18:17Z][INFO] frame rendering: index=20/60
[2026-03-18T17:18:19Z][INFO] frame rendering: index=20/60
[2026-03-18T17:18:26Z][INFO] frame rendering: index=20/60
[2026-03-18T17:18:27Z][INFO] frame rendering: index=30/60
[2026-03-18T17:18:31Z][INFO] frame rendering: index=30/60
[2026-03-18T17:18:39Z][INFO] frame rendering: index=40/60
[2026-03-18T17:18:43Z][INFO] frame rendering: index=30/60
[2026-03-18T17:18:44Z][INFO] frame rendering: index=40/60
[2026-03-18T17:18:50Z][INFO] frame rendering: index=50/60
[2026-03-18T17:18:54Z][INFO] frame rendering: index=50/60
[2026-03-18T17:18:56Z][INFO] frame rendering: index=40/60
[2026-03-18T17:18:58Z][INFO] frame export complete: 60 frames captured
[2026-03-18T17:18:58Z][INFO] encoding start: output=C:\Users\Administrator\OneDrive\Documents\EchoesEngine_complete\EchoesEngine\renders\job-2\video.mp4
[2026-03-18T17:19:01Z][INFO] encoding complete: video=C:\Users\Administrator\OneDrive\Documents\EchoesEngine_complete\EchoesEngine\renders\job-2\video.mp4
[2026-03-18T17:19:01Z][INFO] job complete: scene=industrial_hellscape, style=Industrial Grind, camera=(-37.349499, 29.023193, 9.704931)
[2026-03-18T17:19:04Z][INFO] frame export complete: 60 frames captured
[2026-03-18T17:19:04Z][INFO] encoding start: output=C:\Users\Administrator\OneDrive\Documents\EchoesEngine_complete\EchoesEngine\renders\job-1\video.mp4
[2026-03-18T17:19:17Z][INFO] frame rendering: index=50/60
[2026-03-18T17:19:26Z][INFO] encoding complete: video=C:\Users\Administrator\OneDrive\Documents\EchoesEngine_complete\EchoesEngine\renders\job-1\video.mp4
[2026-03-18T17:19:26Z][INFO] job complete: scene=cosmic_blackhole, style=Cosmic Wash, camera=(6.077509, 42.025986, 119.784973)
[2026-03-18T17:19:33Z][INFO] frame export complete: 60 frames captured
[2026-03-18T17:19:33Z][INFO] encoding start: output=C:\Users\Administrator\OneDrive\Documents\EchoesEngine_complete\EchoesEngine\renders\job-3\video.mp4
[2026-03-18T17:19:34Z][INFO] encoding complete: video=C:\Users\Administrator\OneDrive\Documents\EchoesEngine_complete\EchoesEngine\renders\job-3\video.mp4
[2026-03-18T17:19:34Z][INFO] job complete: scene=nebula_space, style=Nebula Bloom, camera=(10.175404, 52.024124, 209.512695)
[2026-03-18T17:35:04Z][INFO] job start: render_log=C:\Users\Administrator\OneDrive\Documents\EchoesEngine_complete\EchoesEngine\jobs\job-4\render.log
[2026-03-18T17:35:04Z][INFO] audio loading: source=C:\Users\Administrator\OneDrive\Documents\EchoesEngine_complete\EchoesEngine\jobs\job-4\audio.mp3
[2026-03-18T17:35:05Z][INFO] audio loading ready: source=C:\Users\Administrator\OneDrive\Documents\EchoesEngine_complete\EchoesEngine\jobs\job-4\audio.mp3, analysis=C:\Users\Administrator\OneDrive\Documents\EchoesEngine_complete\EchoesEngine\jobs\job-4\audio.wav
[2026-03-18T17:35:05Z][INFO] audio loading complete: samples=11594879, sample_rate=48000
[2026-03-18T17:35:06Z][INFO] audio analysis complete: bass=0.421434, mid=0.530614, treble=0.047952, energy=0.128408, beat=true, tempo=43.656925
[2026-03-18T17:35:06Z][INFO] audio timeline complete: duration=241.559979s, total_frames=7247, fps=30
[2026-03-18T17:35:06Z][INFO] scene generation start: scene_id=cyberpunk_city
[2026-03-18T17:35:06Z][INFO] scene generation complete: scene_name=cyberpunk_city
[2026-03-18T17:35:06Z][INFO] renderer start: backend=Vulkan
[2026-03-18T17:35:06Z][INFO] renderer start complete
[2026-03-18T17:35:06Z][INFO] scene render bootstrap complete
[2026-03-18T17:35:06Z][INFO] frame generation start: prompt="Render neon-drenched skyline sprint with HyperPulse treatment, guided by Render gothic cathedral carved from obsidian with hush choirs with Cosmic Wash lighting, weaving stained glass murmurs through solemn cathedral.", style=HyperPulse
[2026-03-18T17:35:06Z][INFO] frame generation complete: ai job ready
[2026-03-18T17:35:06Z][INFO] frame export start: exporting scene-driven frames to C:\Users\Administrator\OneDrive\Documents\EchoesEngine_complete\EchoesEngine\renders\job-4
[2026-03-18T17:35:06Z][INFO] frame rendering: index=0/7247
[RenderPipeline] Executing pass Scene:cyberpunk_city -> 1280x720 drawCalls=6 shaders=(Compiled cyberpunk_city_vertex (VS) [cyberpunk_city] [GEOMETRY_3], Compiled cyberpunk_city_fragment (PS) [cyberpunk_city] [EMITTERS_2])
[2026-03-18T17:35:12Z][INFO] frame rendering: index=10/7247
[2026-03-18T17:35:18Z][INFO] frame rendering: index=20/7247
[2026-03-18T17:35:24Z][INFO] frame rendering: index=30/7247
[2026-03-18T17:35:29Z][INFO] frame rendering: index=40/7247
[2026-03-18T17:35:35Z][INFO] frame rendering: index=50/7247
[2026-03-18T17:35:40Z][INFO] frame rendering: index=60/7247
[2026-03-18T17:35:46Z][INFO] frame rendering: index=70/7247
[2026-03-18T17:35:52Z][INFO] frame rendering: index=80/7247
[2026-03-18T17:35:57Z][INFO] frame rendering: index=90/7247
[2026-03-18T17:36:03Z][INFO] frame rendering: index=100/7247
[2026-03-18T17:36:09Z][INFO] frame rendering: index=110/7247
[2026-03-18T17:36:14Z][INFO] frame rendering: index=120/7247
[2026-03-18T17:36:20Z][INFO] frame rendering: index=130/7247
[2026-03-18T17:36:26Z][INFO] frame rendering: index=140/7247
[2026-03-18T17:36:31Z][INFO] frame rendering: index=150/7247
[2026-03-18T17:36:37Z][INFO] frame rendering: index=160/7247
[2026-03-18T17:36:42Z][INFO] frame rendering: index=170/7247
[2026-03-18T17:36:48Z][INFO] frame rendering: index=180/7247
[2026-03-18T17:36:54Z][INFO] frame rendering: index=190/7247
[2026-03-18T17:36:59Z][INFO] frame rendering: index=200/7247
[2026-03-18T17:37:05Z][INFO] frame rendering: index=210/7247
[2026-03-18T17:37:10Z][INFO] frame rendering: index=220/7247
[2026-03-18T17:37:16Z][INFO] frame rendering: index=230/7247
[2026-03-18T17:37:21Z][INFO] frame rendering: index=240/7247
[2026-03-18T17:37:27Z][INFO] frame rendering: index=250/7247
[2026-03-18T17:37:33Z][INFO] frame rendering: index=260/7247
[2026-03-18T17:37:38Z][INFO] frame rendering: index=270/7247
[2026-03-18T17:37:44Z][INFO] frame rendering: index=280/7247
[2026-03-18T17:37:49Z][INFO] frame rendering: index=290/7247
[2026-03-18T17:37:55Z][INFO] frame rendering: index=300/7247
[2026-03-18T17:38:01Z][INFO] frame rendering: index=310/7247
[2026-03-18T17:38:06Z][INFO] frame rendering: index=320/7247
[2026-03-18T17:38:12Z][INFO] frame rendering: index=330/7247
[2026-03-18T17:38:18Z][INFO] frame rendering: index=340/7247
[2026-03-18T17:38:23Z][INFO] frame rendering: index=350/7247
[2026-03-18T17:38:29Z][INFO] frame rendering: index=360/7247
[2026-03-18T17:38:35Z][INFO] frame rendering: index=370/7247
[2026-03-18T17:38:40Z][INFO] frame rendering: index=380/7247
[2026-03-18T17:38:46Z][INFO] frame rendering: index=390/7247
[2026-03-18T17:38:52Z][INFO] frame rendering: index=400/7247
[2026-03-18T17:38:59Z][INFO] frame rendering: index=410/7247
[2026-03-18T17:39:06Z][INFO] frame rendering: index=420/7247
[2026-03-18T17:39:12Z][INFO] frame rendering: index=430/7247
[2026-03-18T17:39:17Z][INFO] frame rendering: index=440/7247
[2026-03-18T17:39:24Z][INFO] frame rendering: index=450/7247
[2026-03-18T17:39:31Z][INFO] frame rendering: index=460/7247
[2026-03-18T17:39:38Z][INFO] frame rendering: index=470/7247
[2026-03-18T17:39:45Z][INFO] frame rendering: index=480/7247
[2026-03-18T17:39:51Z][INFO] frame rendering: index=490/7247
[2026-03-18T17:39:58Z][INFO] frame rendering: index=500/7247
[2026-03-18T17:40:04Z][INFO] frame rendering: index=510/7247
[2026-03-18T17:40:10Z][INFO] frame rendering: index=520/7247
[2026-03-18T17:40:17Z][INFO] frame rendering: index=530/7247
[2026-03-18T17:40:23Z][INFO] frame rendering: index=540/7247
[2026-03-18T17:40:29Z][INFO] frame rendering: index=550/7247
[2026-03-18T17:40:35Z][INFO] frame rendering: index=560/7247
[2026-03-18T17:40:41Z][INFO] frame rendering: index=570/7247
[2026-03-18T17:40:47Z][INFO] frame rendering: index=580/7247
[2026-03-18T17:40:53Z][INFO] frame rendering: index=590/7247
[2026-03-18T17:40:58Z][INFO] frame rendering: index=600/7247
[2026-03-18T17:41:04Z][INFO] frame rendering: index=610/7247
[2026-03-18T17:41:10Z][INFO] frame rendering: index=620/7247
[2026-03-18T17:41:17Z][INFO] frame rendering: index=630/7247
[2026-03-18T17:41:24Z][INFO] frame rendering: index=640/7247
[2026-03-18T17:41:31Z][INFO] frame rendering: index=650/7247
[2026-03-18T17:41:38Z][INFO] frame rendering: index=660/7247
[2026-03-18T17:41:45Z][INFO] frame rendering: index=670/7247
[2026-03-18T17:41:52Z][INFO] frame rendering: index=680/7247
[2026-03-18T17:41:58Z][INFO] frame rendering: index=690/7247
[2026-03-18T17:42:05Z][INFO] frame rendering: index=700/7247
[2026-03-18T17:42:12Z][INFO] frame rendering: index=710/7247
[2026-03-18T17:42:18Z][INFO] frame rendering: index=720/7247
[2026-03-18T17:42:24Z][INFO] frame rendering: index=730/7247
[2026-03-18T17:42:30Z][INFO] frame rendering: index=740/7247
[2026-03-18T17:42:35Z][INFO] frame rendering: index=750/7247
[2026-03-18T17:42:41Z][INFO] frame rendering: index=760/7247
[2026-03-18T17:42:47Z][INFO] frame rendering: index=770/7247
[2026-03-18T17:42:53Z][INFO] frame rendering: index=780/7247
[2026-03-18T17:42:59Z][INFO] frame rendering: index=790/7247
[2026-03-18T17:43:05Z][INFO] frame rendering: index=800/7247
[2026-03-18T17:43:11Z][INFO] frame rendering: index=810/7247
[2026-03-18T17:43:17Z][INFO] frame rendering: index=820/7247
[2026-03-18T17:43:23Z][INFO] frame rendering: index=830/7247
[2026-03-18T17:43:29Z][INFO] frame rendering: index=840/7247
[2026-03-18T17:43:36Z][INFO] frame rendering: index=850/7247
[2026-03-18T17:43:42Z][INFO] frame rendering: index=860/7247
[2026-03-18T17:43:48Z][INFO] frame rendering: index=870/7247
[2026-03-18T17:43:54Z][INFO] frame rendering: index=880/7247
[2026-03-18T17:44:00Z][INFO] frame rendering: index=890/7247
[2026-03-18T17:44:05Z][INFO] frame rendering: index=900/7247
[2026-03-18T17:44:11Z][INFO] frame rendering: index=910/7247
[2026-03-18T17:44:17Z][INFO] frame rendering: index=920/7247
[2026-03-18T17:44:24Z][INFO] frame rendering: index=930/7247
[2026-03-18T17:44:30Z][INFO] frame rendering: index=940/7247
[2026-03-18T17:44:36Z][INFO] frame rendering: index=950/7247
[2026-03-18T17:44:42Z][INFO] frame rendering: index=960/7247
[2026-03-18T17:44:48Z][INFO] frame rendering: index=970/7247
[2026-03-18T17:44:54Z][INFO] frame rendering: index=980/7247
[2026-03-18T17:45:00Z][INFO] frame rendering: index=990/7247
[2026-03-18T17:45:10Z][INFO] frame rendering: index=1000/7247
[2026-03-18T17:45:17Z][INFO] frame rendering: index=1010/7247
[2026-03-18T17:45:24Z][INFO] frame rendering: index=1020/7247
[2026-03-18T17:45:32Z][INFO] frame rendering: index=1030/7247
[2026-03-18T17:45:42Z][INFO] frame rendering: index=1040/7247
[2026-03-18T17:45:48Z][INFO] frame rendering: index=1050/7247
[2026-03-18T17:45:53Z][INFO] frame rendering: index=1060/7247
[2026-03-18T17:45:59Z][INFO] frame rendering: index=1070/7247
[2026-03-18T17:46:04Z][INFO] frame rendering: index=1080/7247
[2026-03-18T17:46:10Z][INFO] frame rendering: index=1090/7247
[2026-03-18T17:46:18Z][INFO] frame rendering: index=1100/7247
[2026-03-18T17:46:29Z][INFO] frame rendering: index=1110/7247
[2026-03-18T17:46:37Z][INFO] frame rendering: index=1120/7247
[2026-03-18T17:46:45Z][INFO] frame rendering: index=1130/7247
[2026-03-18T17:46:54Z][INFO] frame rendering: index=1140/7247
[2026-03-18T17:47:04Z][INFO] frame rendering: index=1150/7247
[2026-03-18T17:47:13Z][INFO] frame rendering: index=1160/7247
[2026-03-18T17:47:22Z][INFO] frame rendering: index=1170/7247
[2026-03-18T17:47:32Z][INFO] frame rendering: index=1180/7247
[2026-03-18T17:47:43Z][INFO] frame rendering: index=1190/7247
[2026-03-18T17:47:51Z][INFO] frame rendering: index=1200/7247
[2026-03-18T17:48:00Z][INFO] frame rendering: index=1210/7247
[2026-03-18T17:48:09Z][INFO] frame rendering: index=1220/7247
[2026-03-18T17:48:19Z][INFO] frame rendering: index=1230/7247
[2026-03-18T17:48:32Z][INFO] frame rendering: index=1240/7247
[2026-03-18T17:48:41Z][INFO] frame rendering: index=1250/7247
[2026-03-18T17:48:50Z][INFO] frame rendering: index=1260/7247
[2026-03-18T17:48:59Z][INFO] frame rendering: index=1270/7247
[2026-03-18T17:49:07Z][INFO] frame rendering: index=1280/7247
[2026-03-18T17:49:16Z][INFO] frame rendering: index=1290/7247
[2026-03-18T17:49:27Z][INFO] frame rendering: index=1300/7247
[2026-03-18T17:49:35Z][INFO] frame rendering: index=1310/7247
[2026-03-18T17:49:41Z][INFO] frame rendering: index=1320/7247
[2026-03-18T17:49:48Z][INFO] frame rendering: index=1330/7247
[2026-03-18T17:49:54Z][INFO] frame rendering: index=1340/7247
[2026-03-18T17:50:01Z][INFO] frame rendering: index=1350/7247
[2026-03-18T17:50:07Z][INFO] frame rendering: index=1360/7247
[2026-03-18T17:50:14Z][INFO] frame rendering: index=1370/7247
[2026-03-18T17:50:20Z][INFO] frame rendering: index=1380/7247
[2026-03-18T17:50:26Z][INFO] frame rendering: index=1390/7247
[2026-03-18T17:50:32Z][INFO] frame rendering: index=1400/7247
[2026-03-18T17:50:39Z][INFO] frame rendering: index=1410/7247
[2026-03-18T17:50:45Z][INFO] frame rendering: index=1420/7247
[2026-03-18T17:50:51Z][INFO] frame rendering: index=1430/7247
[2026-03-18T17:50:57Z][INFO] frame rendering: index=1440/7247
[2026-03-18T17:51:04Z][INFO] frame rendering: index=1450/7247
[2026-03-18T17:51:10Z][INFO] frame rendering: index=1460/7247
[2026-03-18T17:51:17Z][INFO] frame rendering: index=1470/7247
[2026-03-18T17:51:24Z][INFO] frame rendering: index=1480/7247
[2026-03-18T17:51:30Z][INFO] frame rendering: index=1490/7247
[2026-03-18T17:51:37Z][INFO] frame rendering: index=1500/7247
[2026-03-18T17:51:44Z][INFO] frame rendering: index=1510/7247
[2026-03-18T17:51:50Z][INFO] frame rendering: index=1520/7247
[2026-03-18T17:51:57Z][INFO] frame rendering: index=1530/7247
[2026-03-18T17:52:04Z][INFO] frame rendering: index=1540/7247
[2026-03-18T17:52:10Z][INFO] frame rendering: index=1550/7247
[2026-03-18T17:52:16Z][INFO] frame rendering: index=1560/7247
[2026-03-18T17:52:23Z][INFO] frame rendering: index=1570/7247
[2026-03-18T17:52:29Z][INFO] frame rendering: index=1580/7247
[2026-03-18T17:52:35Z][INFO] frame rendering: index=1590/7247
[2026-03-18T17:52:43Z][INFO] frame rendering: index=1600/7247
[2026-03-18T17:52:53Z][INFO] frame rendering: index=1610/7247
[2026-03-18T17:53:01Z][INFO] frame rendering: index=1620/7247
[2026-03-18T17:53:11Z][INFO] frame rendering: index=1630/7247
[2026-03-18T17:53:23Z][INFO] frame rendering: index=1640/7247
[2026-03-18T17:53:31Z][INFO] frame rendering: index=1650/7247
[2026-03-18T17:53:33Z][INFO] job start: render_log=C:\Users\Administrator\OneDrive\Documents\EchoesEngine_complete\EchoesEngine\jobs\job-5\render.log
[2026-03-18T17:53:33Z][INFO] audio loading: source=C:\Users\Administrator\OneDrive\Documents\EchoesEngine_complete\EchoesEngine\jobs\job-5\audio.mp3
[2026-03-18T17:53:35Z][INFO] audio loading ready: source=C:\Users\Administrator\OneDrive\Documents\EchoesEngine_complete\EchoesEngine\jobs\job-5\audio.mp3, analysis=C:\Users\Administrator\OneDrive\Documents\EchoesEngine_complete\EchoesEngine\jobs\job-5\audio.wav
[2026-03-18T17:53:35Z][INFO] audio loading complete: samples=10823039, sample_rate=48000
[2026-03-18T17:53:36Z][INFO] audio analysis complete: bass=0.557398, mid=0.384638, treble=0.025541, energy=0.080928, beat=true, tempo=26.418459
[2026-03-18T17:53:36Z][INFO] audio timeline complete: duration=225.479979s, total_frames=6765, fps=30
[2026-03-18T17:53:36Z][INFO] scene generation start: scene_id=cosmic_blackhole
[2026-03-18T17:53:36Z][INFO] scene generation complete: scene_name=cosmic_blackhole
[2026-03-18T17:53:36Z][INFO] renderer start: backend=Vulkan
[2026-03-18T17:53:36Z][INFO] renderer start complete
[2026-03-18T17:53:36Z][INFO] scene render bootstrap complete
[2026-03-18T17:53:36Z][INFO] frame generation start: prompt="Render gravitational orbit around a cinematic singularity with Cosmic Wash treatment, guided by Render gothic cathedral carved from obsidian with hush choirs with Cosmic Wash lighting, weaving stained glass murmurs through solemn cathedral.", style=Cosmic Wash
[2026-03-18T17:53:36Z][INFO] frame generation complete: ai job ready
[2026-03-18T17:53:36Z][INFO] frame export start: exporting scene-driven frames to C:\Users\Administrator\OneDrive\Documents\EchoesEngine_complete\EchoesEngine\renders\job-5
[2026-03-18T17:53:36Z][INFO] frame rendering: index=0/6765
[RenderPipeline] Executing pass Scene:cosmic_blackhole -> 1280x720 drawCalls=6 shaders=(Compiled cosmic_blackhole_vertex (VS) [cosmic_blackhole] [GEOMETRY_3], Compiled cosmic_blackhole_fragment (PS) [cosmic_blackhole] [EMITTERS_2])
[2026-03-18T17:53:38Z][INFO] frame rendering: index=1660/7247
[2026-03-18T17:53:46Z][INFO] frame rendering: index=10/6765
[2026-03-18T17:53:46Z][INFO] frame rendering: index=1670/7247
[2026-03-18T17:53:55Z][INFO] frame rendering: index=1680/7247
[2026-03-18T17:53:57Z][INFO] frame rendering: index=20/6765
[2026-03-18T17:54:04Z][INFO] frame rendering: index=1690/7247
[2026-03-18T17:54:07Z][INFO] frame rendering: index=30/6765
[2026-03-18T17:54:11Z][INFO] frame rendering: index=1700/7247
[2026-03-18T17:54:16Z][INFO] frame rendering: index=40/6765
[2026-03-18T17:54:18Z][INFO] frame rendering: index=1710/7247
[2026-03-18T17:54:24Z][INFO] frame rendering: index=50/6765
[2026-03-18T17:54:25Z][INFO] frame rendering: index=1720/7247
[2026-03-18T17:54:33Z][INFO] frame rendering: index=1730/7247
[2026-03-18T17:54:33Z][INFO] frame rendering: index=60/6765
[2026-03-18T17:54:39Z][INFO] frame rendering: index=1740/7247
[2026-03-18T17:54:41Z][INFO] frame rendering: index=70/6765
[2026-03-18T17:54:46Z][INFO] frame rendering: index=1750/7247
[2026-03-18T17:54:49Z][INFO] frame rendering: index=80/6765
[2026-03-18T17:54:53Z][INFO] frame rendering: index=1760/7247
[2026-03-18T17:54:58Z][INFO] frame rendering: index=90/6765
[2026-03-18T17:55:00Z][INFO] frame rendering: index=1770/7247
[2026-03-18T17:55:06Z][INFO] frame rendering: index=100/6765
[2026-03-18T17:55:06Z][INFO] frame rendering: index=1780/7247
[2026-03-18T17:55:13Z][INFO] frame rendering: index=1790/7247
[2026-03-18T17:55:14Z][INFO] frame rendering: index=110/6765
[2026-03-18T17:55:19Z][INFO] frame rendering: index=1800/7247
[2026-03-18T17:55:22Z][INFO] frame rendering: index=120/6765
[2026-03-18T17:55:26Z][INFO] frame rendering: index=1810/7247
[2026-03-18T17:55:30Z][INFO] frame rendering: index=130/6765
[2026-03-18T17:55:32Z][INFO] frame rendering: index=1820/7247
[2026-03-18T17:55:38Z][INFO] frame rendering: index=140/6765
[2026-03-18T17:55:39Z][INFO] frame rendering: index=1830/7247
[2026-03-18T17:55:45Z][INFO] frame rendering: index=1840/7247
[2026-03-18T17:55:46Z][INFO] frame rendering: index=150/6765
[2026-03-18T17:55:52Z][INFO] frame rendering: index=1850/7247
[2026-03-18T17:55:54Z][INFO] frame rendering: index=160/6765
[2026-03-18T17:55:59Z][INFO] frame rendering: index=1860/7247
[2026-03-18T17:56:02Z][INFO] frame rendering: index=170/6765
[2026-03-18T17:56:06Z][INFO] frame rendering: index=1870/7247
[2026-03-18T17:56:11Z][INFO] frame rendering: index=180/6765
[2026-03-18T17:56:12Z][INFO] frame rendering: index=1880/7247
[2026-03-18T17:56:19Z][INFO] frame rendering: index=1890/7247
[2026-03-18T17:56:19Z][INFO] frame rendering: index=190/6765
[2026-03-18T17:56:26Z][INFO] frame rendering: index=1900/7247
[2026-03-18T17:56:27Z][INFO] frame rendering: index=200/6765
[2026-03-18T17:56:32Z][INFO] frame rendering: index=1910/7247
[2026-03-18T17:56:35Z][INFO] frame rendering: index=210/6765
[2026-03-18T17:56:38Z][INFO] frame rendering: index=1920/7247
[2026-03-18T17:56:43Z][INFO] frame rendering: index=220/6765
[2026-03-18T17:56:45Z][INFO] frame rendering: index=1930/7247
[2026-03-18T17:56:51Z][INFO] frame rendering: index=230/6765
[2026-03-18T17:56:52Z][INFO] frame rendering: index=1940/7247
[2026-03-18T17:57:03Z][INFO] frame rendering: index=1950/7247
[2026-03-18T17:57:06Z][INFO] frame rendering: index=240/6765
[2026-03-18T17:57:13Z][INFO] frame rendering: index=1960/7247
[2026-03-18T17:57:16Z][INFO] frame rendering: index=250/6765
[2026-03-18T17:57:21Z][INFO] frame rendering: index=1970/7247
[2026-03-18T17:57:26Z][INFO] frame rendering: index=260/6765
[2026-03-18T17:57:28Z][INFO] frame rendering: index=1980/7247
[2026-03-18T17:57:35Z][INFO] frame rendering: index=270/6765
[2026-03-18T17:57:35Z][INFO] frame rendering: index=1990/7247
[2026-03-18T17:57:41Z][INFO] frame rendering: index=2000/7247
[2026-03-18T17:57:43Z][INFO] frame rendering: index=280/6765
[2026-03-18T17:57:50Z][INFO] frame rendering: index=2010/7247
[2026-03-18T17:57:55Z][INFO] frame rendering: index=290/6765
[2026-03-18T17:58:00Z][INFO] frame rendering: index=2020/7247
[2026-03-18T17:58:07Z][INFO] frame rendering: index=300/6765
[2026-03-18T17:58:09Z][INFO] frame rendering: index=2030/7247
[2026-03-18T17:58:15Z][INFO] frame rendering: index=310/6765
[2026-03-18T17:58:15Z][INFO] frame rendering: index=2040/7247
[2026-03-18T17:58:21Z][INFO] frame rendering: index=2050/7247
[2026-03-18T17:58:21Z][INFO] frame rendering: index=320/6765
[2026-03-18T17:58:27Z][INFO] frame rendering: index=2060/7247
[2026-03-18T17:58:28Z][INFO] frame rendering: index=330/6765
[2026-03-18T17:58:32Z][INFO] frame rendering: index=2070/7247
[2026-03-18T17:58:35Z][INFO] frame rendering: index=340/6765
[2026-03-18T17:58:38Z][INFO] frame rendering: index=2080/7247
[2026-03-18T17:58:42Z][INFO] frame rendering: index=350/6765
[2026-03-18T17:58:44Z][INFO] frame rendering: index=2090/7247
[2026-03-18T17:58:49Z][INFO] frame rendering: index=360/6765
[2026-03-18T17:58:49Z][INFO] frame rendering: index=2100/7247
[2026-03-18T17:58:55Z][INFO] frame rendering: index=2110/7247
[2026-03-18T17:58:56Z][INFO] frame rendering: index=370/6765
[2026-03-18T17:59:01Z][INFO] frame rendering: index=2120/7247
[2026-03-18T17:59:03Z][INFO] frame rendering: index=380/6765
[2026-03-18T17:59:07Z][INFO] frame rendering: index=2130/7247
[2026-03-18T17:59:10Z][INFO] frame rendering: index=390/6765
[2026-03-18T17:59:12Z][INFO] frame rendering: index=2140/7247
[2026-03-18T17:59:17Z][INFO] frame rendering: index=400/6765
[2026-03-18T17:59:18Z][INFO] frame rendering: index=2150/7247
[2026-03-18T17:59:24Z][INFO] frame rendering: index=410/6765
[2026-03-18T17:59:24Z][INFO] frame rendering: index=2160/7247
[2026-03-18T17:59:29Z][INFO] frame rendering: index=2170/7247
[2026-03-18T17:59:30Z][INFO] frame rendering: index=420/6765
[2026-03-18T17:59:35Z][INFO] frame rendering: index=2180/7247
[2026-03-18T17:59:37Z][INFO] frame rendering: index=430/6765
[2026-03-18T17:59:41Z][INFO] frame rendering: index=2190/7247
[2026-03-18T17:59:44Z][INFO] frame rendering: index=440/6765
[2026-03-18T17:59:46Z][INFO] frame rendering: index=2200/7247
[2026-03-18T17:59:51Z][INFO] frame rendering: index=450/6765
[2026-03-18T17:59:53Z][INFO] frame rendering: index=2210/7247
[2026-03-18T18:00:02Z][INFO] frame rendering: index=2220/7247
[2026-03-18T18:00:03Z][INFO] frame rendering: index=460/6765
[2026-03-18T18:00:10Z][INFO] frame rendering: index=2230/7247
[2026-03-18T18:00:12Z][INFO] frame rendering: index=470/6765
[2026-03-18T18:00:17Z][INFO] frame rendering: index=2240/7247
[2026-03-18T18:00:22Z][INFO] frame rendering: index=480/6765
[2026-03-18T18:00:26Z][INFO] frame rendering: index=2250/7247
[2026-03-18T18:00:35Z][INFO] frame rendering: index=490/6765
[2026-03-18T18:00:36Z][INFO] frame rendering: index=2260/7247
[2026-03-18T18:00:44Z][INFO] frame rendering: index=2270/7247
[2026-03-18T18:00:45Z][INFO] frame rendering: index=500/6765
[2026-03-18T18:00:52Z][INFO] frame rendering: index=2280/7247
[2026-03-18T18:00:54Z][INFO] frame rendering: index=510/6765
[2026-03-18T18:00:59Z][INFO] frame rendering: index=2290/7247
[2026-03-18T18:01:03Z][INFO] frame rendering: index=520/6765
[2026-03-18T18:01:05Z][INFO] frame rendering: index=2300/7247
[2026-03-18T18:01:10Z][INFO] frame rendering: index=530/6765
[2026-03-18T18:01:12Z][INFO] frame rendering: index=2310/7247
[2026-03-18T18:01:18Z][INFO] frame rendering: index=2320/7247
[2026-03-18T18:01:18Z][INFO] frame rendering: index=540/6765
[2026-03-18T18:01:25Z][INFO] frame rendering: index=2330/7247
[2026-03-18T18:01:27Z][INFO] frame rendering: index=550/6765
[2026-03-18T18:01:31Z][INFO] frame rendering: index=2340/7247
[2026-03-18T18:01:35Z][INFO] frame rendering: index=560/6765
[2026-03-18T18:01:38Z][INFO] frame rendering: index=2350/7247
[2026-03-18T18:01:43Z][INFO] frame rendering: index=570/6765
[2026-03-18T18:01:46Z][INFO] frame rendering: index=2360/7247
[2026-03-18T18:01:52Z][INFO] frame rendering: index=580/6765
[2026-03-18T18:01:53Z][INFO] frame rendering: index=2370/7247
[2026-03-18T18:02:01Z][INFO] frame rendering: index=2380/7247
[2026-03-18T18:02:02Z][INFO] frame rendering: index=590/6765
[2026-03-18T18:02:09Z][INFO] frame rendering: index=2390/7247
[2026-03-18T18:02:11Z][INFO] frame rendering: index=600/6765
[2026-03-18T18:02:16Z][INFO] frame rendering: index=2400/7247
[2026-03-18T18:02:20Z][INFO] frame rendering: index=610/6765
[2026-03-18T18:02:24Z][INFO] frame rendering: index=2410/7247
[2026-03-18T18:02:29Z][INFO] frame rendering: index=620/6765
[2026-03-18T18:02:31Z][INFO] frame rendering: index=2420/7247
[2026-03-18T18:02:39Z][INFO] frame rendering: index=630/6765
[2026-03-18T18:02:39Z][INFO] frame rendering: index=2430/7247
[2026-03-18T18:02:47Z][INFO] frame rendering: index=2440/7247
[2026-03-18T18:02:48Z][INFO] frame rendering: index=640/6765
[2026-03-18T18:02:54Z][INFO] frame rendering: index=2450/7247
[2026-03-18T18:02:57Z][INFO] frame rendering: index=650/6765
[2026-03-18T18:03:04Z][INFO] frame rendering: index=2460/7247
[2026-03-18T18:03:10Z][INFO] frame rendering: index=660/6765
[2026-03-18T18:03:12Z][INFO] frame rendering: index=2470/7247
[2026-03-18T18:03:19Z][INFO] frame rendering: index=670/6765
[2026-03-18T18:03:20Z][INFO] frame rendering: index=2480/7247
[2026-03-18T18:03:26Z][INFO] frame rendering: index=2490/7247
[2026-03-18T18:03:26Z][INFO] frame rendering: index=680/6765
[2026-03-18T18:03:31Z][INFO] frame rendering: index=2500/7247
[2026-03-18T18:03:33Z][INFO] frame rendering: index=690/6765
[2026-03-18T18:03:37Z][INFO] frame rendering: index=2510/7247
[2026-03-18T18:03:40Z][INFO] frame rendering: index=700/6765
[2026-03-18T18:03:43Z][INFO] frame rendering: index=2520/7247
[2026-03-18T18:03:47Z][INFO] frame rendering: index=710/6765
[2026-03-18T18:03:48Z][INFO] frame rendering: index=2530/7247
[2026-03-18T18:03:53Z][INFO] frame rendering: index=720/6765
[2026-03-18T18:03:54Z][INFO] frame rendering: index=2540/7247
[2026-03-18T18:04:01Z][INFO] frame rendering: index=2550/7247
[2026-03-18T18:04:02Z][INFO] frame rendering: index=730/6765
[2026-03-18T18:04:11Z][INFO] frame rendering: index=2560/7247
[2026-03-18T18:04:14Z][INFO] frame rendering: index=740/6765
[2026-03-18T18:04:18Z][INFO] frame rendering: index=2570/7247
[2026-03-18T18:04:23Z][INFO] frame rendering: index=750/6765
[2026-03-18T18:04:25Z][INFO] frame rendering: index=2580/7247
[2026-03-18T18:04:32Z][INFO] frame rendering: index=760/6765
[2026-03-18T18:04:32Z][INFO] frame rendering: index=2590/7247
[2026-03-18T18:04:38Z][INFO] frame rendering: index=2600/7247
[2026-03-18T18:04:40Z][INFO] frame rendering: index=770/6765
[2026-03-18T18:04:44Z][INFO] frame rendering: index=2610/7247
[2026-03-18T18:04:48Z][INFO] frame rendering: index=780/6765
[2026-03-18T18:04:50Z][INFO] frame rendering: index=2620/7247
[2026-03-18T18:04:56Z][INFO] frame rendering: index=790/6765
[2026-03-18T18:04:57Z][INFO] frame rendering: index=2630/7247
[2026-03-18T18:05:03Z][INFO] frame rendering: index=2640/7247
[2026-03-18T18:05:04Z][INFO] frame rendering: index=800/6765
[2026-03-18T18:05:10Z][INFO] frame rendering: index=2650/7247
[2026-03-18T18:05:13Z][INFO] frame rendering: index=810/6765
[2026-03-18T18:05:17Z][INFO] frame rendering: index=2660/7247
[2026-03-18T18:05:22Z][INFO] frame rendering: index=820/6765
[2026-03-18T18:05:23Z][INFO] frame rendering: index=2670/7247
[2026-03-18T18:05:29Z][INFO] frame rendering: index=2680/7247
[2026-03-18T18:05:30Z][INFO] frame rendering: index=830/6765
[2026-03-18T18:05:35Z][INFO] frame rendering: index=2690/7247
[2026-03-18T18:05:38Z][INFO] frame rendering: index=840/6765
[2026-03-18T18:05:41Z][INFO] frame rendering: index=2700/7247
[2026-03-18T18:05:46Z][INFO] frame rendering: index=850/6765
[2026-03-18T18:05:47Z][INFO] frame rendering: index=2710/7247
[2026-03-18T18:05:54Z][INFO] frame rendering: index=2720/7247
[2026-03-18T18:05:55Z][INFO] frame rendering: index=860/6765
[2026-03-18T18:06:00Z][INFO] frame rendering: index=2730/7247
[2026-03-18T18:06:03Z][INFO] frame rendering: index=870/6765
[2026-03-18T18:06:06Z][INFO] frame rendering: index=2740/7247
[2026-03-18T18:06:11Z][INFO] frame rendering: index=880/6765
[2026-03-18T18:06:12Z][INFO] frame rendering: index=2750/7247
[2026-03-18T18:06:17Z][INFO] frame rendering: index=2760/7247
[2026-03-18T18:06:19Z][INFO] frame rendering: index=890/6765
[2026-03-18T18:06:23Z][INFO] frame rendering: index=2770/7247
[2026-03-18T18:06:27Z][INFO] frame rendering: index=900/6765
[2026-03-18T18:06:29Z][INFO] frame rendering: index=2780/7247
[2026-03-18T18:06:35Z][INFO] frame rendering: index=910/6765
[2026-03-18T18:06:35Z][INFO] frame rendering: index=2790/7247
[2026-03-18T18:06:41Z][INFO] frame rendering: index=2800/7247
[2026-03-18T18:06:43Z][INFO] frame rendering: index=920/6765
[2026-03-18T18:06:47Z][INFO] frame rendering: index=2810/7247
[2026-03-18T18:06:51Z][INFO] frame rendering: index=930/6765
[2026-03-18T18:06:53Z][INFO] frame rendering: index=2820/7247
[2026-03-18T18:06:59Z][INFO] frame rendering: index=2830/7247
[2026-03-18T18:06:59Z][INFO] frame rendering: index=940/6765
[2026-03-18T18:07:04Z][INFO] frame rendering: index=2840/7247
[2026-03-18T18:07:07Z][INFO] frame rendering: index=950/6765
[2026-03-18T18:07:10Z][INFO] frame rendering: index=2850/7247
[2026-03-18T18:07:15Z][INFO] frame rendering: index=960/6765
[2026-03-18T18:07:16Z][INFO] frame rendering: index=2860/7247
[2026-03-18T18:07:22Z][INFO] frame rendering: index=2870/7247
[2026-03-18T18:07:23Z][INFO] frame rendering: index=970/6765
[2026-03-18T18:07:28Z][INFO] frame rendering: index=2880/7247
[2026-03-18T18:07:32Z][INFO] frame rendering: index=980/6765
[2026-03-18T18:07:34Z][INFO] frame rendering: index=2890/7247
[2026-03-18T18:07:40Z][INFO] frame rendering: index=990/6765
[2026-03-18T18:07:40Z][INFO] frame rendering: index=2900/7247
[2026-03-18T18:07:46Z][INFO] frame rendering: index=2910/7247
[2026-03-18T18:07:48Z][INFO] frame rendering: index=1000/6765
[2026-03-18T18:07:51Z][INFO] frame rendering: index=2920/7247
[2026-03-18T18:07:56Z][INFO] frame rendering: index=1010/6765
[2026-03-18T18:07:57Z][INFO] frame rendering: index=2930/7247
[2026-03-18T18:08:04Z][INFO] frame rendering: index=2940/7247
[2026-03-18T18:08:04Z][INFO] frame rendering: index=1020/6765
[2026-03-18T18:08:11Z][INFO] frame rendering: index=2950/7247
[2026-03-18T18:08:14Z][INFO] frame rendering: index=1030/6765
[2026-03-18T18:08:18Z][INFO] frame rendering: index=2960/7247
[2026-03-18T18:08:22Z][INFO] frame rendering: index=1040/6765
[2026-03-18T18:08:25Z][INFO] frame rendering: index=2970/7247
[2026-03-18T18:08:30Z][INFO] frame rendering: index=1050/6765
[2026-03-18T18:08:31Z][INFO] frame rendering: index=2980/7247
[2026-03-18T18:08:37Z][INFO] frame rendering: index=2990/7247
[2026-03-18T18:08:39Z][INFO] frame rendering: index=1060/6765
[2026-03-18T18:08:48Z][INFO] frame rendering: index=3000/7247
[2026-03-18T18:08:51Z][INFO] frame rendering: index=1070/6765
[2026-03-18T18:08:55Z][INFO] frame rendering: index=3010/7247
[2026-03-18T18:09:02Z][INFO] frame rendering: index=1080/6765
[2026-03-18T18:09:03Z][INFO] frame rendering: index=3020/7247
[2026-03-18T18:09:10Z][INFO] frame rendering: index=3030/7247
[2026-03-18T18:09:12Z][INFO] frame rendering: index=1090/6765
[2026-03-18T18:09:21Z][INFO] frame rendering: index=3040/7247
[2026-03-18T18:09:24Z][INFO] frame rendering: index=1100/6765
[2026-03-18T18:09:30Z][INFO] frame rendering: index=3050/7247
[2026-03-18T18:09:36Z][INFO] frame rendering: index=1110/6765
[2026-03-18T18:09:41Z][INFO] frame rendering: index=3060/7247
[2026-03-18T18:09:47Z][INFO] frame rendering: index=1120/6765
[2026-03-18T18:09:48Z][INFO] frame rendering: index=3070/7247
[2026-03-18T18:09:55Z][INFO] frame rendering: index=3080/7247
[2026-03-18T18:09:57Z][INFO] frame rendering: index=1130/6765
[2026-03-18T18:10:02Z][INFO] frame rendering: index=3090/7247
[2026-03-18T18:10:06Z][INFO] frame rendering: index=1140/6765
[2026-03-18T18:10:11Z][INFO] frame rendering: index=3100/7247
[2026-03-18T18:10:19Z][INFO] frame rendering: index=1150/6765
[2026-03-18T18:10:21Z][INFO] frame rendering: index=3110/7247
[2026-03-18T18:10:28Z][INFO] frame rendering: index=1160/6765
[2026-03-18T18:10:28Z][INFO] frame rendering: index=3120/7247
[2026-03-18T18:10:38Z][INFO] frame rendering: index=3130/7247
[2026-03-18T18:10:39Z][INFO] frame rendering: index=1170/6765
[2026-03-18T18:10:45Z][INFO] frame rendering: index=3140/7247
[2026-03-18T18:10:49Z][INFO] frame rendering: index=1180/6765
[2026-03-18T18:10:54Z][INFO] frame rendering: index=3150/7247
[2026-03-18T18:10:59Z][INFO] frame rendering: index=1190/6765
[2026-03-18T18:11:03Z][INFO] frame rendering: index=3160/7247
[2026-03-18T18:11:08Z][INFO] frame rendering: index=1200/6765
[2026-03-18T18:11:10Z][INFO] frame rendering: index=3170/7247
[2026-03-18T18:11:19Z][INFO] frame rendering: index=3180/7247
[2026-03-18T18:11:19Z][INFO] frame rendering: index=1210/6765
[2026-03-18T18:11:27Z][INFO] frame rendering: index=3190/7247
[2026-03-18T18:11:30Z][INFO] frame rendering: index=1220/6765
[2026-03-18T18:11:35Z][INFO] frame rendering: index=3200/7247
[2026-03-18T18:11:38Z][INFO] frame rendering: index=1230/6765
[2026-03-18T18:11:44Z][INFO] frame rendering: index=3210/7247
[2026-03-18T18:11:49Z][INFO] frame rendering: index=1240/6765
[2026-03-18T18:11:51Z][INFO] frame rendering: index=3220/7247
[2026-03-18T18:11:59Z][INFO] frame rendering: index=1250/6765
[2026-03-18T18:12:00Z][INFO] frame rendering: index=3230/7247
[2026-03-18T18:12:07Z][INFO] frame rendering: index=3240/7247
[2026-03-18T18:12:08Z][INFO] frame rendering: index=1260/6765
[2026-03-18T18:12:14Z][INFO] frame rendering: index=3250/7247
[2026-03-18T18:12:16Z][INFO] frame rendering: index=1270/6765
[2026-03-18T18:12:20Z][INFO] frame rendering: index=3260/7247
[2026-03-18T18:12:25Z][INFO] frame rendering: index=1280/6765
[2026-03-18T18:12:28Z][INFO] frame rendering: index=3270/7247
[2026-03-18T18:12:34Z][INFO] frame rendering: index=1290/6765
[2026-03-18T18:12:35Z][INFO] frame rendering: index=3280/7247
[2026-03-18T18:12:43Z][INFO] frame rendering: index=3290/7247
[2026-03-18T18:12:43Z][INFO] frame rendering: index=1300/6765
[2026-03-18T18:12:50Z][INFO] frame rendering: index=3300/7247
[2026-03-18T18:12:52Z][INFO] frame rendering: index=1310/6765
[2026-03-18T18:12:57Z][INFO] frame rendering: index=3310/7247
[2026-03-18T18:13:00Z][INFO] frame rendering: index=1320/6765
[2026-03-18T18:13:04Z][INFO] frame rendering: index=3320/7247
[2026-03-18T18:13:09Z][INFO] frame rendering: index=1330/6765
[2026-03-18T18:13:10Z][INFO] frame rendering: index=3330/7247
[2026-03-18T18:13:18Z][INFO] frame rendering: index=1340/6765
[2026-03-18T18:13:18Z][INFO] frame rendering: index=3340/7247
[2026-03-18T18:13:25Z][INFO] frame rendering: index=3350/7247
[2026-03-18T18:13:27Z][INFO] frame rendering: index=1350/6765
[2026-03-18T18:13:33Z][INFO] frame rendering: index=3360/7247
[2026-03-18T18:13:35Z][INFO] frame rendering: index=1360/6765
[2026-03-18T18:13:39Z][INFO] frame rendering: index=3370/7247
[2026-03-18T18:13:44Z][INFO] frame rendering: index=1370/6765
[2026-03-18T18:13:46Z][INFO] frame rendering: index=3380/7247
[2026-03-18T18:13:52Z][INFO] frame rendering: index=1380/6765
[2026-03-18T18:13:53Z][INFO] frame rendering: index=3390/7247
[2026-03-18T18:14:00Z][INFO] frame rendering: index=3400/7247
[2026-03-18T18:14:01Z][INFO] frame rendering: index=1390/6765
[2026-03-18T18:14:07Z][INFO] frame rendering: index=3410/7247
[2026-03-18T18:14:10Z][INFO] frame rendering: index=1400/6765
[2026-03-18T18:14:15Z][INFO] frame rendering: index=3420/7247
[2026-03-18T18:14:19Z][INFO] frame rendering: index=1410/6765
[2026-03-18T18:14:23Z][INFO] frame rendering: index=3430/7247
[2026-03-18T18:14:28Z][INFO] frame rendering: index=1420/6765
[2026-03-18T18:14:30Z][INFO] frame rendering: index=3440/7247
[2026-03-18T18:14:37Z][INFO] frame rendering: index=1430/6765
[2026-03-18T18:14:37Z][INFO] frame rendering: index=3450/7247
[2026-03-18T18:14:45Z][INFO] frame rendering: index=3460/7247
[2026-03-18T18:14:46Z][INFO] frame rendering: index=1440/6765
[2026-03-18T18:14:51Z][INFO] frame rendering: index=3470/7247
[2026-03-18T18:14:54Z][INFO] frame rendering: index=1450/6765
[2026-03-18T18:14:59Z][INFO] frame rendering: index=3480/7247
[2026-03-18T18:15:03Z][INFO] frame rendering: index=1460/6765
[2026-03-18T18:15:05Z][INFO] frame rendering: index=3490/7247
[2026-03-18T18:15:11Z][INFO] frame rendering: index=1470/6765
[2026-03-18T18:15:12Z][INFO] frame rendering: index=3500/7247
[2026-03-18T18:15:20Z][INFO] frame rendering: index=3510/7247
[2026-03-18T18:15:20Z][INFO] frame rendering: index=1480/6765
[2026-03-18T18:15:27Z][INFO] frame rendering: index=3520/7247
[2026-03-18T18:15:29Z][INFO] frame rendering: index=1490/6765
[2026-03-18T18:15:34Z][INFO] frame rendering: index=3530/7247
[2026-03-18T18:15:37Z][INFO] frame rendering: index=1500/6765
[2026-03-18T18:15:40Z][INFO] frame rendering: index=3540/7247
[2026-03-18T18:15:45Z][INFO] frame rendering: index=1510/6765
[2026-03-18T18:15:47Z][INFO] frame rendering: index=3550/7247
[2026-03-18T18:15:53Z][INFO] frame rendering: index=3560/7247
[2026-03-18T18:15:53Z][INFO] frame rendering: index=1520/6765
[2026-03-18T18:15:59Z][INFO] frame rendering: index=3570/7247
[2026-03-18T18:16:01Z][INFO] frame rendering: index=1530/6765
[2026-03-18T18:16:06Z][INFO] frame rendering: index=3580/7247
[2026-03-18T18:16:09Z][INFO] frame rendering: index=1540/6765
[2026-03-18T18:16:13Z][INFO] frame rendering: index=3590/7247
[2026-03-18T18:16:17Z][INFO] frame rendering: index=1550/6765
[2026-03-18T18:16:19Z][INFO] frame rendering: index=3600/7247
[2026-03-18T18:16:25Z][INFO] frame rendering: index=1560/6765
[2026-03-18T18:16:26Z][INFO] frame rendering: index=3610/7247
[2026-03-18T18:16:32Z][INFO] frame rendering: index=3620/7247
[2026-03-18T18:16:33Z][INFO] frame rendering: index=1570/6765
[2026-03-18T18:16:39Z][INFO] frame rendering: index=3630/7247
[2026-03-18T18:16:41Z][INFO] frame rendering: index=1580/6765
[2026-03-18T18:16:45Z][INFO] frame rendering: index=3640/7247
[2026-03-18T18:16:49Z][INFO] frame rendering: index=1590/6765
[2026-03-18T18:16:52Z][INFO] frame rendering: index=3650/7247
[2026-03-18T18:16:52Z][INFO] job start: render_log=C:\Users\Administrator\OneDrive\Documents\EchoesEngine_complete\EchoesEngine\jobs\job-5\render.log
[2026-03-18T18:16:52Z][INFO] audio loading: source=C:\Users\Administrator\OneDrive\Documents\EchoesEngine_complete\EchoesEngine\jobs\job-5\audio.mp3
[2026-03-18T18:16:58Z][INFO] frame rendering: index=3660/7247
[2026-03-18T18:17:04Z][INFO] frame rendering: index=3670/7247
[2026-03-18T18:17:10Z][INFO] frame rendering: index=3680/7247
[2026-03-18T18:17:16Z][INFO] frame rendering: index=3690/7247
[2026-03-18T18:17:22Z][INFO] frame rendering: index=3700/7247
[2026-03-18T18:17:28Z][INFO] frame rendering: index=3710/7247
[2026-03-18T18:17:34Z][INFO] frame rendering: index=3720/7247
[2026-03-18T18:17:40Z][INFO] frame rendering: index=3730/7247
[2026-03-18T18:17:46Z][INFO] frame rendering: index=3740/7247
[2026-03-18T18:17:52Z][INFO] frame rendering: index=3750/7247
[2026-03-18T18:17:58Z][INFO] frame rendering: index=3760/7247
[2026-03-18T18:18:04Z][INFO] frame rendering: index=3770/7247
[2026-03-18T18:18:10Z][INFO] frame rendering: index=3780/7247
[2026-03-18T18:18:16Z][INFO] frame rendering: index=3790/7247
[2026-03-18T18:18:22Z][INFO] frame rendering: index=3800/7247
[2026-03-18T18:18:28Z][INFO] frame rendering: index=3810/7247
[2026-03-18T18:18:35Z][INFO] frame rendering: index=3820/7247
[2026-03-18T18:18:41Z][INFO] frame rendering: index=3830/7247
[2026-03-18T18:18:48Z][INFO] frame rendering: index=3840/7247
[2026-03-18T18:18:54Z][INFO] frame rendering: index=3850/7247
[2026-03-18T18:19:01Z][INFO] frame rendering: index=3860/7247
[2026-03-18T18:19:08Z][INFO] frame rendering: index=3870/7247
[2026-03-18T18:19:14Z][INFO] frame rendering: index=3880/7247
[2026-03-18T18:19:21Z][INFO] frame rendering: index=3890/7247
[2026-03-18T18:19:30Z][INFO] frame rendering: index=3900/7247
[2026-03-18T18:19:37Z][INFO] frame rendering: index=3910/7247
[2026-03-18T18:19:43Z][INFO] frame rendering: index=3920/7247
[2026-03-18T18:19:49Z][INFO] frame rendering: index=3930/7247
[2026-03-18T18:19:55Z][INFO] frame rendering: index=3940/7247
[2026-03-18T18:20:01Z][INFO] frame rendering: index=3950/7247
[2026-03-18T18:20:07Z][INFO] frame rendering: index=3960/7247
[2026-03-18T18:20:14Z][INFO] frame rendering: index=3970/7247
[2026-03-18T18:20:20Z][INFO] frame rendering: index=3980/7247
[2026-03-18T18:20:26Z][INFO] frame rendering: index=3990/7247
[2026-03-18T18:20:32Z][INFO] frame rendering: index=4000/7247
[2026-03-18T18:20:38Z][INFO] frame rendering: index=4010/7247
[2026-03-18T18:20:45Z][INFO] frame rendering: index=4020/7247
[2026-03-18T18:20:51Z][INFO] frame rendering: index=4030/7247
[2026-03-18T18:20:57Z][INFO] frame rendering: index=4040/7247
[2026-03-18T18:21:03Z][INFO] frame rendering: index=4050/7247
[2026-03-18T18:21:09Z][INFO] frame rendering: index=4060/7247
[2026-03-18T18:21:16Z][INFO] frame rendering: index=4070/7247
[2026-03-18T18:21:22Z][INFO] frame rendering: index=4080/7247
[2026-03-18T18:21:28Z][INFO] frame rendering: index=4090/7247
[2026-03-18T18:21:33Z][INFO] frame rendering: index=4100/7247
[2026-03-18T18:21:39Z][INFO] frame rendering: index=4110/7247
[2026-03-18T18:21:46Z][INFO] frame rendering: index=4120/7247
[2026-03-18T18:21:52Z][INFO] frame rendering: index=4130/7247
[2026-03-18T18:21:58Z][INFO] frame rendering: index=4140/7247
[2026-03-18T18:22:04Z][INFO] frame rendering: index=4150/7247
[2026-03-18T18:22:10Z][INFO] frame rendering: index=4160/7247
[2026-03-18T18:22:17Z][INFO] frame rendering: index=4170/7247
[2026-03-18T18:22:23Z][INFO] frame rendering: index=4180/7247
[2026-03-18T18:22:29Z][INFO] frame rendering: index=4190/7247
[2026-03-18T18:22:35Z][INFO] frame rendering: index=4200/7247
[2026-03-18T18:22:41Z][INFO] frame rendering: index=4210/7247
[2026-03-18T18:22:47Z][INFO] frame rendering: index=4220/7247
[2026-03-18T18:22:53Z][INFO] frame rendering: index=4230/7247
[2026-03-18T18:22:59Z][INFO] frame rendering: index=4240/7247
[2026-03-18T18:23:05Z][INFO] frame rendering: index=4250/7247
[2026-03-18T18:23:11Z][INFO] frame rendering: index=4260/7247
[2026-03-18T18:23:17Z][INFO] frame rendering: index=4270/7247
[2026-03-18T18:23:23Z][INFO] frame rendering: index=4280/7247
[2026-03-18T18:23:29Z][INFO] frame rendering: index=4290/7247
[2026-03-18T18:23:35Z][INFO] frame rendering: index=4300/7247
[2026-03-18T18:23:41Z][INFO] frame rendering: index=4310/7247
[2026-03-18T18:23:46Z][INFO] frame rendering: index=4320/7247
[2026-03-18T18:23:53Z][INFO] frame rendering: index=4330/7247
[2026-03-18T18:23:59Z][INFO] frame rendering: index=4340/7247
[2026-03-18T18:24:04Z][INFO] frame rendering: index=4350/7247
[2026-03-18T18:24:10Z][INFO] frame rendering: index=4360/7247
[2026-03-18T18:24:16Z][INFO] frame rendering: index=4370/7247
[2026-03-18T18:24:22Z][INFO] frame rendering: index=4380/7247
[2026-03-18T18:24:28Z][INFO] frame rendering: index=4390/7247
[2026-03-18T18:24:34Z][INFO] frame rendering: index=4400/7247
[2026-03-18T18:24:40Z][INFO] frame rendering: index=4410/7247
[2026-03-18T18:24:46Z][INFO] frame rendering: index=4420/7247
[2026-03-18T18:24:52Z][INFO] frame rendering: index=4430/7247
[2026-03-18T18:24:58Z][INFO] frame rendering: index=4440/7247
[2026-03-18T18:25:04Z][INFO] frame rendering: index=4450/7247
[2026-03-18T18:25:10Z][INFO] job start: render_log=C:\Users\Administrator\OneDrive\Documents\EchoesEngine_complete\EchoesEngine\jobs\job-4\render.log
[2026-03-18T18:25:10Z][INFO] audio loading: source=C:\Users\Administrator\OneDrive\Documents\EchoesEngine_complete\EchoesEngine\jobs\job-4\audio.mp3
